<?xml version="1.0" encoding="UTF-8"?>
<testsuite name="ApplicationFacadeTest" tests="8" skipped="0" failures="0" errors="0" timestamp="2021-05-30T11:58:59" hostname="LAPTOP-86H4GGTF" time="1.136">
  <properties/>
  <testcase name="testGetLeagueDataDummy" classname="ApplicationFacadeTest" time="1.029"/>
  <testcase name="testGetLeagueDataError" classname="ApplicationFacadeTest" time="0.049"/>
  <testcase name="testSendReportOnline" classname="ApplicationFacadeTest" time="0.036"/>
  <testcase name="testGetSeriesDataOnline" classname="ApplicationFacadeTest" time="0.004"/>
  <testcase name="testGetSeriesDataDummy" classname="ApplicationFacadeTest" time="0.003"/>
  <testcase name="testGetSeriesDataError" classname="ApplicationFacadeTest" time="0.003"/>
  <testcase name="testSendReportDummy" classname="ApplicationFacadeTest" time="0.008"/>
  <testcase name="testGetLeagueDataOnline" classname="ApplicationFacadeTest" time="0.002"/>
  <system-out><![CDATA[league id: 4590
series:
	id: 3621
	full name: 2021
	slug: cs-go-hyperion-x-oel-launch-2021
	 tier: d
	year: 2021


league id: 4590
series:
	id: 3621
	full name: 2021
	slug: cs-go-hyperion-x-oel-launch-2021
	 tier: d
	year: 2021


]]></system-out>
  <system-err><![CDATA[]]></system-err>
</testsuite>
