<?xml version="1.0" encoding="UTF-8"?>
<testsuite name="OutputFormatterTest" tests="2" skipped="0" failures="0" errors="0" timestamp="2021-06-04T09:56:04" hostname="LAPTOP-86H4GGTF" time="0.356">
  <properties/>
  <testcase name="testGenerateReportError" classname="OutputFormatterTest" time="0.001"/>
  <testcase name="testGenerateReportValid" classname="OutputFormatterTest" time="0.355"/>
  <system-out><![CDATA[hi
]]></system-out>
  <system-err><![CDATA[]]></system-err>
</testsuite>
