<?xml version="1.0" encoding="UTF-8"?>
<testsuite name="ApplicationFacadeTest" tests="17" skipped="0" failures="0" errors="0" timestamp="2021-06-03T13:15:39" hostname="LAPTOP-86H4GGTF" time="3.214">
  <properties/>
  <testcase name="testSendReportNothingToReport" classname="ApplicationFacadeTest" time="2.933"/>
  <testcase name="testGetSeriesDataInputNonASCII" classname="ApplicationFacadeTest" time="0.004"/>
  <testcase name="testGetLeagueDataDummy" classname="ApplicationFacadeTest" time="0.077"/>
  <testcase name="testGetLeagueDataError" classname="ApplicationFacadeTest" time="0.01"/>
  <testcase name="testGetSeriesDataInputNull" classname="ApplicationFacadeTest" time="0.003"/>
  <testcase name="testGetSeriesDataInputEmpty" classname="ApplicationFacadeTest" time="0.009"/>
  <testcase name="testSendReportOnline" classname="ApplicationFacadeTest" time="0.053"/>
  <testcase name="testGetSeriesDataOnlineUpdated" classname="ApplicationFacadeTest" time="0.006"/>
  <testcase name="testGetSeriesDataOnline" classname="ApplicationFacadeTest" time="0.006"/>
  <testcase name="testGetSeriesDataDummy" classname="ApplicationFacadeTest" time="0.012"/>
  <testcase name="testGetSeriesDataError" classname="ApplicationFacadeTest" time="0.004"/>
  <testcase name="testGetSeriesDataDummyUpdated" classname="ApplicationFacadeTest" time="0.012"/>
  <testcase name="testSendReportDummy" classname="ApplicationFacadeTest" time="0.016"/>
  <testcase name="testSendReportError" classname="ApplicationFacadeTest" time="0.01"/>
  <testcase name="testGetLeagueDataOnlineUpdated" classname="ApplicationFacadeTest" time="0.005"/>
  <testcase name="testGetLeagueDataOnline" classname="ApplicationFacadeTest" time="0.006"/>
  <testcase name="testGetLeagueDataDummyUpdated" classname="ApplicationFacadeTest" time="0.008"/>
  <system-out><![CDATA[]]></system-out>
  <system-err><![CDATA[]]></system-err>
</testsuite>
