<?xml version="1.0" encoding="UTF-8"?>
<testsuite name="OutputFormatterTest" tests="3" skipped="0" failures="0" errors="0" timestamp="2021-06-17T12:33:37" hostname="LAPTOP-86H4GGTF" time="0.299">
  <properties/>
  <testcase name="testGenerateReportError" classname="OutputFormatterTest" time="0.0"/>
  <testcase name="testGenerateReportValid" classname="OutputFormatterTest" time="0.295"/>
  <testcase name="testGenerateReportTooNew" classname="OutputFormatterTest" time="0.003"/>
  <system-out><![CDATA[]]></system-out>
  <system-err><![CDATA[]]></system-err>
</testsuite>
