<?xml version="1.0" encoding="UTF-8"?>
<testsuite name="ApplicationFacadeTest" tests="31" skipped="0" failures="0" errors="0" timestamp="2021-06-17T15:02:50" hostname="LAPTOP-86H4GGTF" time="1.274">
  <properties/>
  <testcase name="testSendReportNothingToReport" classname="ApplicationFacadeTest" time="1.025"/>
  <testcase name="testGetSeriesDataInputNonASCII" classname="ApplicationFacadeTest" time="0.003"/>
  <testcase name="testSendReportOnlineTooNew" classname="ApplicationFacadeTest" time="0.019"/>
  <testcase name="testGetLeagueDataOnlineUpdatedTooNew" classname="ApplicationFacadeTest" time="0.01"/>
  <testcase name="testGetLeagueDataDummy" classname="ApplicationFacadeTest" time="0.043"/>
  <testcase name="testGetLeagueDataError" classname="ApplicationFacadeTest" time="0.005"/>
  <testcase name="testGetSeriesDataInputNull" classname="ApplicationFacadeTest" time="0.007"/>
  <testcase name="testGetSeriesDataInputEmpty" classname="ApplicationFacadeTest" time="0.006"/>
  <testcase name="testSendReportOnline" classname="ApplicationFacadeTest" time="0.028"/>
  <testcase name="testGetSeriesDataOnlineUpdated" classname="ApplicationFacadeTest" time="0.005"/>
  <testcase name="testGetLeagueDataCachedDataValidTooNew" classname="ApplicationFacadeTest" time="0.018"/>
  <testcase name="testGetSeriesDataOnline" classname="ApplicationFacadeTest" time="0.005"/>
  <testcase name="testSendReportDummyTooNew" classname="ApplicationFacadeTest" time="0.01"/>
  <testcase name="testGetSeriesDataOnlineUpdatedTooNew" classname="ApplicationFacadeTest" time="0.004"/>
  <testcase name="testGetSeriesDataDummy" classname="ApplicationFacadeTest" time="0.003"/>
  <testcase name="testGetSeriesDataError" classname="ApplicationFacadeTest" time="0.007"/>
  <testcase name="testGetSeriesDataDummyUpdated" classname="ApplicationFacadeTest" time="0.005"/>
  <testcase name="testSendReportDummy" classname="ApplicationFacadeTest" time="0.005"/>
  <testcase name="testSendReportError" classname="ApplicationFacadeTest" time="0.004"/>
  <testcase name="testSetYearEdgeOne" classname="ApplicationFacadeTest" time="0.002"/>
  <testcase name="testSetYearEdgeTwo" classname="ApplicationFacadeTest" time="0.004"/>
  <testcase name="testSetYearTooLarge" classname="ApplicationFacadeTest" time="0.003"/>
  <testcase name="testSetYearTooSmall" classname="ApplicationFacadeTest" time="0.005"/>
  <testcase name="testGetLeagueDataOnlineUpdated" classname="ApplicationFacadeTest" time="0.003"/>
  <testcase name="testGetLeagueDataOnline" classname="ApplicationFacadeTest" time="0.002"/>
  <testcase name="testGetLeagueDataDummyUpdatedTooNew" classname="ApplicationFacadeTest" time="0.003"/>
  <testcase name="testGetLeagueDataCachedDataValid" classname="ApplicationFacadeTest" time="0.012"/>
  <testcase name="testGetLeagueDataDummyUpdated" classname="ApplicationFacadeTest" time="0.003"/>
  <testcase name="testGetSeriesDataDummyUpdatedTooNew" classname="ApplicationFacadeTest" time="0.004"/>
  <testcase name="testSetYearNotAnInteger" classname="ApplicationFacadeTest" time="0.002"/>
  <testcase name="testSetYearValid" classname="ApplicationFacadeTest" time="0.002"/>
  <system-out><![CDATA[Message sent Successfully!
*league id: 4590
series:
	id: 3621
	full name: 2021
	slug: cs-go-hyperion-x-oel-launch-2021
	tier: d
	year: 2021


]]></system-out>
  <system-err><![CDATA[]]></system-err>
</testsuite>
