<?xml version="1.0" encoding="UTF-8"?>
<testsuite name="InputFormatterTest" tests="5" skipped="0" failures="0" errors="0" timestamp="2021-06-05T08:09:36" hostname="LAPTOP-86H4GGTF" time="0.005">
  <properties/>
  <testcase name="testGenerateLeagueOutputError" classname="InputFormatterTest" time="0.0"/>
  <testcase name="testGenerateLeagueOutputValid" classname="InputFormatterTest" time="0.002"/>
  <testcase name="testGenerateSeriesOutputError" classname="InputFormatterTest" time="0.001"/>
  <testcase name="testGenerateSeriesOutputValid" classname="InputFormatterTest" time="0.001"/>
  <testcase name="testGenerateSeriesList" classname="InputFormatterTest" time="0.0"/>
  <system-out><![CDATA[]]></system-out>
  <system-err><![CDATA[]]></system-err>
</testsuite>
