<?xml version="1.0" encoding="UTF-8"?>
<testsuite name="ApplicationFacadeTest" tests="3" skipped="0" failures="0" errors="0" timestamp="2021-05-28T11:59:15" hostname="LAPTOP-86H4GGTF" time="1.956">
  <properties/>
  <testcase name="testGetLeagueDataDummy" classname="ApplicationFacadeTest" time="1.753"/>
  <testcase name="testGetLeagueDataError" classname="ApplicationFacadeTest" time="0.127"/>
  <testcase name="testGetLeagueDataOnline" classname="ApplicationFacadeTest" time="0.003"/>
  <system-out><![CDATA[]]></system-out>
  <system-err><![CDATA[]]></system-err>
</testsuite>
