<?xml version="1.0" encoding="UTF-8"?>
<testsuite name="OutputFormatterTest" tests="2" skipped="0" failures="0" errors="0" timestamp="2021-06-07T13:33:19" hostname="LAPTOP-86H4GGTF" time="0.185">
  <properties/>
  <testcase name="testGenerateReportError" classname="OutputFormatterTest" time="0.0"/>
  <testcase name="testGenerateReportValid" classname="OutputFormatterTest" time="0.185"/>
  <system-out><![CDATA[]]></system-out>
  <system-err><![CDATA[]]></system-err>
</testsuite>
