<?xml version="1.0" encoding="UTF-8"?>
<testsuite name="ApplicationFacadeTest" tests="18" skipped="0" failures="0" errors="0" timestamp="2021-06-17T10:23:37" hostname="LAPTOP-86H4GGTF" time="0.319">
  <properties/>
  <testcase name="testSendReportNothingToReport" classname="ApplicationFacadeTest" time="0.157"/>
  <testcase name="testGetSeriesDataInputNonASCII" classname="ApplicationFacadeTest" time="0.004"/>
  <testcase name="testGetLeagueDataDummy" classname="ApplicationFacadeTest" time="0.031"/>
  <testcase name="testGetLeagueDataError" classname="ApplicationFacadeTest" time="0.005"/>
  <testcase name="testGetSeriesDataInputNull" classname="ApplicationFacadeTest" time="0.01"/>
  <testcase name="testGetSeriesDataInputEmpty" classname="ApplicationFacadeTest" time="0.005"/>
  <testcase name="testSendReportOnline" classname="ApplicationFacadeTest" time="0.008"/>
  <testcase name="testGetSeriesDataOnlineUpdated" classname="ApplicationFacadeTest" time="0.004"/>
  <testcase name="testGetSeriesDataOnline" classname="ApplicationFacadeTest" time="0.01"/>
  <testcase name="testGetSeriesDataDummy" classname="ApplicationFacadeTest" time="0.005"/>
  <testcase name="testGetSeriesDataError" classname="ApplicationFacadeTest" time="0.005"/>
  <testcase name="testGetSeriesDataDummyUpdated" classname="ApplicationFacadeTest" time="0.008"/>
  <testcase name="testSendReportDummy" classname="ApplicationFacadeTest" time="0.009"/>
  <testcase name="testSendReportError" classname="ApplicationFacadeTest" time="0.006"/>
  <testcase name="testGetLeagueDataOnlineUpdated" classname="ApplicationFacadeTest" time="0.005"/>
  <testcase name="testGetLeagueDataOnline" classname="ApplicationFacadeTest" time="0.007"/>
  <testcase name="testGetLeagueDataCachedDataValid" classname="ApplicationFacadeTest" time="0.023"/>
  <testcase name="testGetLeagueDataDummyUpdated" classname="ApplicationFacadeTest" time="0.006"/>
  <system-out><![CDATA[Table Leagues has successfully been created/loaded
Table Leagues has successfully been created/loaded
Table Leagues has successfully been created/loaded
Table Leagues has successfully been created/loaded
Table Leagues has successfully been created/loaded
Table Leagues has successfully been created/loaded
Table Leagues has successfully been created/loaded
Table Leagues has successfully been created/loaded
Table Leagues has successfully been created/loaded
Table Leagues has successfully been created/loaded
Table Leagues has successfully been created/loaded
Table Leagues has successfully been created/loaded
Table Leagues has successfully been created/loaded
Table Leagues has successfully been created/loaded
Table Leagues has successfully been created/loaded
Table Leagues has successfully been created/loaded
Table Leagues has successfully been created/loaded
Table Leagues has successfully been created/loaded
]]></system-out>
  <system-err><![CDATA[]]></system-err>
</testsuite>
