<?xml version="1.0" encoding="UTF-8"?>
<<<<<<< HEAD
<testsuite name="OutputFormatterTest" tests="3" skipped="0" failures="0" errors="0" timestamp="2021-06-17T12:58:15" hostname="LAPTOP-86H4GGTF" time="0.303">
  <properties/>
  <testcase name="testGenerateReportError" classname="OutputFormatterTest" time="0.001"/>
  <testcase name="testGenerateReportValid" classname="OutputFormatterTest" time="0.297"/>
  <testcase name="testGenerateReportTooNew" classname="OutputFormatterTest" time="0.003"/>
=======
<testsuite name="OutputFormatterTest" tests="2" skipped="0" failures="0" errors="0" timestamp="2021-06-05T08:09:36" hostname="LAPTOP-86H4GGTF" time="0.253">
  <properties/>
  <testcase name="testGenerateReportError" classname="OutputFormatterTest" time="0.001"/>
  <testcase name="testGenerateReportValid" classname="OutputFormatterTest" time="0.252"/>
>>>>>>> parent of 18099c3... Implemented multi-threading, fixed up javadocs commenting
  <system-out><![CDATA[]]></system-out>
  <system-err><![CDATA[]]></system-err>
</testsuite>
