<?xml version="1.0" encoding="UTF-8"?>
<testsuite name="ApplicationFacadeTest" tests="18" skipped="0" failures="0" errors="0" timestamp="2021-06-04T06:49:25" hostname="LAPTOP-86H4GGTF" time="2.403">
  <properties/>
  <testcase name="testSendReportNothingToReport" classname="ApplicationFacadeTest" time="2.181"/>
  <testcase name="testGetSeriesDataInputNonASCII" classname="ApplicationFacadeTest" time="0.005"/>
  <testcase name="testGetLeagueDataDummy" classname="ApplicationFacadeTest" time="0.094"/>
  <testcase name="testGetLeagueDataError" classname="ApplicationFacadeTest" time="0.007"/>
  <testcase name="testGetSeriesDataInputNull" classname="ApplicationFacadeTest" time="0.007"/>
  <testcase name="testGetSeriesDataInputEmpty" classname="ApplicationFacadeTest" time="0.007"/>
  <testcase name="testSendReportOnline" classname="ApplicationFacadeTest" time="0.013"/>
  <testcase name="testGetSeriesDataOnlineUpdated" classname="ApplicationFacadeTest" time="0.005"/>
  <testcase name="testGetSeriesDataOnline" classname="ApplicationFacadeTest" time="0.005"/>
  <testcase name="testGetSeriesDataDummy" classname="ApplicationFacadeTest" time="0.005"/>
  <testcase name="testGetSeriesDataError" classname="ApplicationFacadeTest" time="0.004"/>
  <testcase name="testGetSeriesDataDummyUpdated" classname="ApplicationFacadeTest" time="0.004"/>
  <testcase name="testSendReportDummy" classname="ApplicationFacadeTest" time="0.006"/>
  <testcase name="testSendReportError" classname="ApplicationFacadeTest" time="0.007"/>
  <testcase name="testGetLeagueDataOnlineUpdated" classname="ApplicationFacadeTest" time="0.006"/>
  <testcase name="testGetLeagueDataOnline" classname="ApplicationFacadeTest" time="0.006"/>
  <testcase name="testGetLeagueDataCachedDataValid" classname="ApplicationFacadeTest" time="0.023"/>
  <testcase name="testGetLeagueDataDummyUpdated" classname="ApplicationFacadeTest" time="0.004"/>
  <system-out><![CDATA[]]></system-out>
  <system-err><![CDATA[]]></system-err>
</testsuite>
