<?xml version="1.0" encoding="UTF-8"?>
<testsuite name="ApplicationFacadeTest" tests="24" skipped="0" failures="0" errors="0" timestamp="2021-06-17T11:37:58" hostname="LAPTOP-86H4GGTF" time="1.226">
  <properties/>
  <testcase name="testSendReportNothingToReport" classname="ApplicationFacadeTest" time="0.976"/>
  <testcase name="testGetSeriesDataInputNonASCII" classname="ApplicationFacadeTest" time="0.003"/>
  <testcase name="testGetLeagueDataDummy" classname="ApplicationFacadeTest" time="0.095"/>
  <testcase name="testGetLeagueDataError" classname="ApplicationFacadeTest" time="0.006"/>
  <testcase name="testGetSeriesDataInputNull" classname="ApplicationFacadeTest" time="0.005"/>
  <testcase name="testGetSeriesDataInputEmpty" classname="ApplicationFacadeTest" time="0.005"/>
  <testcase name="testSendReportOnline" classname="ApplicationFacadeTest" time="0.012"/>
  <testcase name="testGetSeriesDataOnlineUpdated" classname="ApplicationFacadeTest" time="0.008"/>
  <testcase name="testGetSeriesDataOnline" classname="ApplicationFacadeTest" time="0.007"/>
  <testcase name="testGetSeriesDataDummy" classname="ApplicationFacadeTest" time="0.01"/>
  <testcase name="testGetSeriesDataError" classname="ApplicationFacadeTest" time="0.004"/>
  <testcase name="testGetSeriesDataDummyUpdated" classname="ApplicationFacadeTest" time="0.006"/>
  <testcase name="testSendReportDummy" classname="ApplicationFacadeTest" time="0.006"/>
  <testcase name="testSendReportError" classname="ApplicationFacadeTest" time="0.007"/>
  <testcase name="testSetYearEdgeOne" classname="ApplicationFacadeTest" time="0.002"/>
  <testcase name="testSetYearEdgeTwo" classname="ApplicationFacadeTest" time="0.008"/>
  <testcase name="testSetYearTooLarge" classname="ApplicationFacadeTest" time="0.002"/>
  <testcase name="testSetYearTooSmall" classname="ApplicationFacadeTest" time="0.002"/>
  <testcase name="testGetLeagueDataOnlineUpdated" classname="ApplicationFacadeTest" time="0.003"/>
  <testcase name="testGetLeagueDataOnline" classname="ApplicationFacadeTest" time="0.004"/>
  <testcase name="testGetLeagueDataCachedDataValid" classname="ApplicationFacadeTest" time="0.03"/>
  <testcase name="testGetLeagueDataDummyUpdated" classname="ApplicationFacadeTest" time="0.004"/>
  <testcase name="testSetYearNotAnInteger" classname="ApplicationFacadeTest" time="0.003"/>
  <testcase name="testSetYearValid" classname="ApplicationFacadeTest" time="0.003"/>
  <system-out><![CDATA[Table Leagues has successfully been created/loaded
Table Leagues has successfully been created/loaded
Table Leagues has successfully been created/loaded
Table Leagues has successfully been created/loaded
Table Leagues has successfully been created/loaded
Table Leagues has successfully been created/loaded
Table Leagues has successfully been created/loaded
Table Leagues has successfully been created/loaded
Table Leagues has successfully been created/loaded
Table Leagues has successfully been created/loaded
Table Leagues has successfully been created/loaded
Table Leagues has successfully been created/loaded
Table Leagues has successfully been created/loaded
Table Leagues has successfully been created/loaded
Table Leagues has successfully been created/loaded
Table Leagues has successfully been created/loaded
Table Leagues has successfully been created/loaded
Table Leagues has successfully been created/loaded
Table Leagues has successfully been created/loaded
Table Leagues has successfully been created/loaded
Table Leagues has successfully been created/loaded
Table Leagues has successfully been created/loaded
Table Leagues has successfully been created/loaded
Table Leagues has successfully been created/loaded
]]></system-out>
  <system-err><![CDATA[]]></system-err>
</testsuite>
