<?xml version="1.0" encoding="UTF-8"?>
<testsuite name="InputFormatterTest" tests="4" skipped="0" failures="0" errors="0" timestamp="2021-06-04T06:26:22" hostname="LAPTOP-86H4GGTF" time="0.042">
  <properties/>
  <testcase name="testGenerateLeagueOutputError" classname="InputFormatterTest" time="0.02"/>
  <testcase name="testGenerateLeagueOutputValid" classname="InputFormatterTest" time="0.011"/>
  <testcase name="testGenerateSeriesOutputError" classname="InputFormatterTest" time="0.0"/>
  <testcase name="testGenerateSeriesOutputValid" classname="InputFormatterTest" time="0.007"/>
  <system-out><![CDATA[]]></system-out>
  <system-err><![CDATA[]]></system-err>
</testsuite>
