<?xml version="1.0" encoding="UTF-8"?>
<testsuite name="OutputFormatterTest" tests="3" skipped="0" failures="0" errors="0" timestamp="2021-06-17T11:21:57" hostname="LAPTOP-86H4GGTF" time="0.386">
  <properties/>
  <testcase name="testGenerateReportError" classname="OutputFormatterTest" time="0.001"/>
  <testcase name="testGenerateReportValid" classname="OutputFormatterTest" time="0.381"/>
  <testcase name="testGenerateReportTooNew" classname="OutputFormatterTest" time="0.003"/>
  <system-out><![CDATA[]]></system-out>
  <system-err><![CDATA[]]></system-err>
</testsuite>
