<?xml version="1.0" encoding="UTF-8"?>
<testsuite name="ApplicationFacadeTest" tests="14" skipped="0" failures="0" errors="0" timestamp="2021-06-01T01:32:17" hostname="LAPTOP-86H4GGTF" time="1.962">
  <properties/>
  <testcase name="testSendReportNothingToReport" classname="ApplicationFacadeTest" time="1.718"/>
  <testcase name="testGetLeagueDataDummy" classname="ApplicationFacadeTest" time="0.051"/>
  <testcase name="testGetLeagueDataError" classname="ApplicationFacadeTest" time="0.012"/>
  <testcase name="testSendReportOnline" classname="ApplicationFacadeTest" time="0.015"/>
  <testcase name="testGetSeriesDataOnlineUpdated" classname="ApplicationFacadeTest" time="0.01"/>
  <testcase name="testGetSeriesDataOnline" classname="ApplicationFacadeTest" time="0.015"/>
  <testcase name="testGetSeriesDataDummy" classname="ApplicationFacadeTest" time="0.009"/>
  <testcase name="testGetSeriesDataError" classname="ApplicationFacadeTest" time="0.003"/>
  <testcase name="testGetSeriesDataDummyUpdated" classname="ApplicationFacadeTest" time="0.007"/>
  <testcase name="testSendReportDummy" classname="ApplicationFacadeTest" time="0.016"/>
  <testcase name="testSendReportError" classname="ApplicationFacadeTest" time="0.007"/>
  <testcase name="testGetLeagueDataOnlineUpdated" classname="ApplicationFacadeTest" time="0.01"/>
  <testcase name="testGetLeagueDataOnline" classname="ApplicationFacadeTest" time="0.04"/>
  <testcase name="testGetLeagueDataDummyUpdated" classname="ApplicationFacadeTest" time="0.008"/>
  <system-out><![CDATA[]]></system-out>
  <system-err><![CDATA[]]></system-err>
</testsuite>
