<?xml version="1.0" encoding="UTF-8"?>
<testsuite name="InputFormatterTest" tests="2" skipped="0" failures="0" errors="0" timestamp="2021-06-04T05:59:35" hostname="LAPTOP-86H4GGTF" time="0.036">
  <properties/>
  <testcase name="testGenerateLeagueOutputError" classname="InputFormatterTest" time="0.026"/>
  <testcase name="testGenerateLeagueOutputValid" classname="InputFormatterTest" time="0.009"/>
  <system-out><![CDATA[]]></system-out>
  <system-err><![CDATA[]]></system-err>
</testsuite>
