<?xml version="1.0" encoding="UTF-8"?>
<<<<<<< HEAD
<testsuite name="ApplicationFacadeTest" tests="31" skipped="0" failures="0" errors="0" timestamp="2021-06-17T12:58:13" hostname="LAPTOP-86H4GGTF" time="1.735">
  <properties/>
  <testcase name="testSendReportNothingToReport" classname="ApplicationFacadeTest" time="1.469"/>
  <testcase name="testGetSeriesDataInputNonASCII" classname="ApplicationFacadeTest" time="0.004"/>
  <testcase name="testSendReportOnlineTooNew" classname="ApplicationFacadeTest" time="0.018"/>
  <testcase name="testGetLeagueDataOnlineUpdatedTooNew" classname="ApplicationFacadeTest" time="0.008"/>
  <testcase name="testGetLeagueDataDummy" classname="ApplicationFacadeTest" time="0.043"/>
  <testcase name="testGetLeagueDataError" classname="ApplicationFacadeTest" time="0.005"/>
  <testcase name="testGetSeriesDataInputNull" classname="ApplicationFacadeTest" time="0.007"/>
  <testcase name="testGetSeriesDataInputEmpty" classname="ApplicationFacadeTest" time="0.007"/>
  <testcase name="testSendReportOnline" classname="ApplicationFacadeTest" time="0.006"/>
  <testcase name="testGetSeriesDataOnlineUpdated" classname="ApplicationFacadeTest" time="0.006"/>
  <testcase name="testGetLeagueDataCachedDataValidTooNew" classname="ApplicationFacadeTest" time="0.027"/>
  <testcase name="testGetSeriesDataOnline" classname="ApplicationFacadeTest" time="0.007"/>
  <testcase name="testSendReportDummyTooNew" classname="ApplicationFacadeTest" time="0.01"/>
  <testcase name="testGetSeriesDataOnlineUpdatedTooNew" classname="ApplicationFacadeTest" time="0.003"/>
  <testcase name="testGetSeriesDataDummy" classname="ApplicationFacadeTest" time="0.004"/>
  <testcase name="testGetSeriesDataError" classname="ApplicationFacadeTest" time="0.005"/>
  <testcase name="testGetSeriesDataDummyUpdated" classname="ApplicationFacadeTest" time="0.006"/>
  <testcase name="testSendReportDummy" classname="ApplicationFacadeTest" time="0.005"/>
  <testcase name="testSendReportError" classname="ApplicationFacadeTest" time="0.005"/>
  <testcase name="testSetYearEdgeOne" classname="ApplicationFacadeTest" time="0.003"/>
  <testcase name="testSetYearEdgeTwo" classname="ApplicationFacadeTest" time="0.005"/>
  <testcase name="testSetYearTooLarge" classname="ApplicationFacadeTest" time="0.003"/>
  <testcase name="testSetYearTooSmall" classname="ApplicationFacadeTest" time="0.004"/>
  <testcase name="testGetLeagueDataOnlineUpdated" classname="ApplicationFacadeTest" time="0.003"/>
  <testcase name="testGetLeagueDataOnline" classname="ApplicationFacadeTest" time="0.003"/>
  <testcase name="testGetLeagueDataDummyUpdatedTooNew" classname="ApplicationFacadeTest" time="0.003"/>
  <testcase name="testGetLeagueDataCachedDataValid" classname="ApplicationFacadeTest" time="0.009"/>
  <testcase name="testGetLeagueDataDummyUpdated" classname="ApplicationFacadeTest" time="0.004"/>
  <testcase name="testGetSeriesDataDummyUpdatedTooNew" classname="ApplicationFacadeTest" time="0.004"/>
  <testcase name="testSetYearNotAnInteger" classname="ApplicationFacadeTest" time="0.017"/>
  <testcase name="testSetYearValid" classname="ApplicationFacadeTest" time="0.003"/>
  <system-out><![CDATA[Table Leagues has successfully been created/loaded
Table Leagues has successfully been created/loaded
Table Leagues has successfully been created/loaded
Message sent Successfully!
*league id: 4590
series:
	id: 3621
	full name: 2021
	slug: cs-go-hyperion-x-oel-launch-2021
	tier: d
	year: 2021


Table Leagues has successfully been created/loaded
Table Leagues has successfully been created/loaded
Table Leagues has successfully been created/loaded
Table Leagues has successfully been created/loaded
Table Leagues has successfully been created/loaded
Table Leagues has successfully been created/loaded
Table Leagues has successfully been created/loaded
Table Leagues has successfully been created/loaded
Table Leagues has successfully been created/loaded
Table Leagues has successfully been created/loaded
Table Leagues has successfully been created/loaded
Table Leagues has successfully been created/loaded
Table Leagues has successfully been created/loaded
Table Leagues has successfully been created/loaded
Table Leagues has successfully been created/loaded
Table Leagues has successfully been created/loaded
Table Leagues has successfully been created/loaded
Table Leagues has successfully been created/loaded
Table Leagues has successfully been created/loaded
Table Leagues has successfully been created/loaded
Table Leagues has successfully been created/loaded
Table Leagues has successfully been created/loaded
Table Leagues has successfully been created/loaded
Table Leagues has successfully been created/loaded
Table Leagues has successfully been created/loaded
Table Leagues has successfully been created/loaded
Table Leagues has successfully been created/loaded
Table Leagues has successfully been created/loaded
]]></system-out>
=======
<testsuite name="ApplicationFacadeTest" tests="18" skipped="0" failures="0" errors="0" timestamp="2021-06-05T08:09:34" hostname="LAPTOP-86H4GGTF" time="1.66">
  <properties/>
  <testcase name="testSendReportNothingToReport" classname="ApplicationFacadeTest" time="1.405"/>
  <testcase name="testGetSeriesDataInputNonASCII" classname="ApplicationFacadeTest" time="0.004"/>
  <testcase name="testGetLeagueDataDummy" classname="ApplicationFacadeTest" time="0.082"/>
  <testcase name="testGetLeagueDataError" classname="ApplicationFacadeTest" time="0.007"/>
  <testcase name="testGetSeriesDataInputNull" classname="ApplicationFacadeTest" time="0.004"/>
  <testcase name="testGetSeriesDataInputEmpty" classname="ApplicationFacadeTest" time="0.014"/>
  <testcase name="testSendReportOnline" classname="ApplicationFacadeTest" time="0.014"/>
  <testcase name="testGetSeriesDataOnlineUpdated" classname="ApplicationFacadeTest" time="0.007"/>
  <testcase name="testGetSeriesDataOnline" classname="ApplicationFacadeTest" time="0.008"/>
  <testcase name="testGetSeriesDataDummy" classname="ApplicationFacadeTest" time="0.003"/>
  <testcase name="testGetSeriesDataError" classname="ApplicationFacadeTest" time="0.004"/>
  <testcase name="testGetSeriesDataDummyUpdated" classname="ApplicationFacadeTest" time="0.007"/>
  <testcase name="testSendReportDummy" classname="ApplicationFacadeTest" time="0.004"/>
  <testcase name="testSendReportError" classname="ApplicationFacadeTest" time="0.004"/>
  <testcase name="testGetLeagueDataOnlineUpdated" classname="ApplicationFacadeTest" time="0.007"/>
  <testcase name="testGetLeagueDataOnline" classname="ApplicationFacadeTest" time="0.009"/>
  <testcase name="testGetLeagueDataCachedDataValid" classname="ApplicationFacadeTest" time="0.049"/>
  <testcase name="testGetLeagueDataDummyUpdated" classname="ApplicationFacadeTest" time="0.008"/>
  <system-out><![CDATA[]]></system-out>
>>>>>>> parent of 18099c3... Implemented multi-threading, fixed up javadocs commenting
  <system-err><![CDATA[]]></system-err>
</testsuite>
