<?xml version="1.0" encoding="UTF-8"?>
<testsuite name="OutputFormatterTest" tests="3" skipped="0" failures="0" errors="0" timestamp="2021-06-17T10:23:35" hostname="LAPTOP-86H4GGTF" time="1.923">
  <properties/>
  <testcase name="testGenerateReportError" classname="OutputFormatterTest" time="0.008"/>
  <testcase name="testGenerateReportValid" classname="OutputFormatterTest" time="1.904"/>
  <testcase name="testGenerateReportTooNew" classname="OutputFormatterTest" time="0.005"/>
  <system-out><![CDATA[]]></system-out>
  <system-err><![CDATA[]]></system-err>
</testsuite>
