<?xml version="1.0" encoding="UTF-8"?>
<testsuite name="ApplicationFacadeTest" tests="18" skipped="0" failures="0" errors="0" timestamp="2021-06-03T14:43:43" hostname="LAPTOP-86H4GGTF" time="2.081">
  <properties/>
  <testcase name="testSendReportNothingToReport" classname="ApplicationFacadeTest" time="1.609"/>
  <testcase name="testGetSeriesDataInputNonASCII" classname="ApplicationFacadeTest" time="0.004"/>
  <testcase name="testGetLeagueDataDummy" classname="ApplicationFacadeTest" time="0.103"/>
  <testcase name="testGetLeagueDataError" classname="ApplicationFacadeTest" time="0.011"/>
  <testcase name="testGetSeriesDataInputNull" classname="ApplicationFacadeTest" time="0.014"/>
  <testcase name="testGetSeriesDataInputEmpty" classname="ApplicationFacadeTest" time="0.027"/>
  <testcase name="testSendReportOnline" classname="ApplicationFacadeTest" time="0.031"/>
  <testcase name="testGetSeriesDataOnlineUpdated" classname="ApplicationFacadeTest" time="0.012"/>
  <testcase name="testGetSeriesDataOnline" classname="ApplicationFacadeTest" time="0.008"/>
  <testcase name="testGetSeriesDataDummy" classname="ApplicationFacadeTest" time="0.017"/>
  <testcase name="testGetSeriesDataError" classname="ApplicationFacadeTest" time="0.006"/>
  <testcase name="testGetSeriesDataDummyUpdated" classname="ApplicationFacadeTest" time="0.01"/>
  <testcase name="testSendReportDummy" classname="ApplicationFacadeTest" time="0.017"/>
  <testcase name="testSendReportError" classname="ApplicationFacadeTest" time="0.016"/>
  <testcase name="testGetLeagueDataOnlineUpdated" classname="ApplicationFacadeTest" time="0.014"/>
  <testcase name="testGetLeagueDataOnline" classname="ApplicationFacadeTest" time="0.026"/>
  <testcase name="testGetLeagueDataCachedDataValid" classname="ApplicationFacadeTest" time="0.048"/>
  <testcase name="testGetLeagueDataDummyUpdated" classname="ApplicationFacadeTest" time="0.031"/>
  <system-out><![CDATA[]]></system-out>
  <system-err><![CDATA[]]></system-err>
</testsuite>
